This is pdfTeX, Version 3.14159265-2.6-1.40.17 (TeX Live 2016) (preloaded format=pdflatex 2016.5.22)  14 FEB 2017 18:05
entering extended mode
 restricted \write18 enabled.
 %&-line parsing enabled.
**data.tex
(./data.tex
LaTeX2e <2016/03/31>
Babel <3.9r> and hyphenation patterns for 83 language(s) loaded.
(/usr/local/texlive/2016/texmf-dist/tex/latex/beamer/beamer.cls
(/usr/local/texlive/2016/texmf-dist/tex/latex/beamer/beamerbasercs.sty
Package: beamerbasercs 2015/03/08 (rcs-revision 368aa9ba9d38)
)
Document Class: beamer 2015/01/05 3.36 A class for typesetting presentations (r
cs-revision 8a39122e1f63)
(/usr/local/texlive/2016/texmf-dist/tex/latex/beamer/beamerbasemodes.sty
Package: beamerbasemodes 2013/09/03 (rcs-revision 768f2d98ca64)
\beamer@tempbox=\box26
\beamer@tempcount=\count79
\c@beamerpauses=\count80

(/usr/local/texlive/2016/texmf-dist/tex/latex/beamer/beamerbasedecode.sty
Package: beamerbasedecode 2010/05/01 (rcs-revision efa082c6111d)
\beamer@slideinframe=\count81
\beamer@minimum=\count82
)
\beamer@commentbox=\box27
\beamer@modecount=\count83
)
(/usr/local/texlive/2016/texmf-dist/tex/generic/oberdiek/ifpdf.sty
Package: ifpdf 2016/05/14 v3.1 Provides the ifpdf switch
)
\headheight=\dimen102
\headdp=\dimen103
\footheight=\dimen104
\sidebarheight=\dimen105
\beamer@tempdim=\dimen106
\beamer@finalheight=\dimen107
\beamer@animht=\dimen108
\beamer@animdp=\dimen109
\beamer@animwd=\dimen110
\beamer@leftmargin=\dimen111
\beamer@rightmargin=\dimen112
\beamer@leftsidebar=\dimen113
\beamer@rightsidebar=\dimen114
\beamer@boxsize=\dimen115
\beamer@vboxoffset=\dimen116
\beamer@descdefault=\dimen117
\beamer@descriptionwidth=\dimen118
\beamer@lastskip=\skip41
\beamer@areabox=\box28
\beamer@animcurrent=\box29
\beamer@animshowbox=\box30
\beamer@sectionbox=\box31
\beamer@logobox=\box32
\beamer@linebox=\box33
\beamer@sectioncount=\count84
\beamer@subsubsectionmax=\count85
\beamer@subsectionmax=\count86
\beamer@sectionmax=\count87
\beamer@totalheads=\count88
\beamer@headcounter=\count89
\beamer@partstartpage=\count90
\beamer@sectionstartpage=\count91
\beamer@subsectionstartpage=\count92
\beamer@animationtempa=\count93
\beamer@animationtempb=\count94
\beamer@xpos=\count95
\beamer@ypos=\count96
\beamer@showpartnumber=\count97
\beamer@currentsubsection=\count98
\beamer@coveringdepth=\count99
\beamer@sectionadjust=\count100
\beamer@tocsectionnumber=\count101

(/usr/local/texlive/2016/texmf-dist/tex/latex/beamer/beamerbaseoptions.sty
Package: beamerbaseoptions 2013/03/10 (rcs-revision 47431932db0d)

(/usr/local/texlive/2016/texmf-dist/tex/latex/graphics/keyval.sty
Package: keyval 2014/10/28 v1.15 key=value parser (DPC)
\KV@toks@=\toks14
))
\beamer@paperwidth=\skip42
\beamer@paperheight=\skip43

(/usr/local/texlive/2016/texmf-dist/tex/latex/geometry/geometry.sty
Package: geometry 2010/09/12 v5.6 Page Geometry

(/usr/local/texlive/2016/texmf-dist/tex/generic/oberdiek/ifvtex.sty
Package: ifvtex 2016/05/16 v1.6 Detect VTeX and its facilities (HO)
Package ifvtex Info: VTeX not detected.
)
(/usr/local/texlive/2016/texmf-dist/tex/generic/ifxetex/ifxetex.sty
Package: ifxetex 2010/09/12 v0.6 Provides ifxetex conditional
)
\Gm@cnth=\count102
\Gm@cntv=\count103
\c@Gm@tempcnt=\count104
\Gm@bindingoffset=\dimen119
\Gm@wd@mp=\dimen120
\Gm@odd@mp=\dimen121
\Gm@even@mp=\dimen122
\Gm@layoutwidth=\dimen123
\Gm@layoutheight=\dimen124
\Gm@layouthoffset=\dimen125
\Gm@layoutvoffset=\dimen126
\Gm@dimlist=\toks15
)
(/usr/local/texlive/2016/texmf-dist/tex/latex/base/size11.clo
File: size11.clo 2014/09/29 v1.4h Standard LaTeX file (size option)
)
(/usr/local/texlive/2016/texmf-dist/tex/latex/pgf/basiclayer/pgfcore.sty
(/usr/local/texlive/2016/texmf-dist/tex/latex/graphics/graphicx.sty
Package: graphicx 2014/10/28 v1.0g Enhanced LaTeX Graphics (DPC,SPQR)

(/usr/local/texlive/2016/texmf-dist/tex/latex/graphics/graphics.sty
Package: graphics 2016/07/10 v1.0t Standard LaTeX Graphics (DPC,SPQR)

(/usr/local/texlive/2016/texmf-dist/tex/latex/graphics/trig.sty
Package: trig 2016/01/03 v1.10 sin cos tan (DPC)
)
(/usr/local/texlive/2016/texmf-dist/tex/latex/graphics-cfg/graphics.cfg
File: graphics.cfg 2016/06/04 v1.11 sample graphics configuration
)
Package graphics Info: Driver file: pdftex.def on input line 99.

(/usr/local/texlive/2016/texmf-dist/tex/latex/graphics-def/pdftex.def
File: pdftex.def 2016/07/10 v0.06j Graphics/color for pdfTeX

(/usr/local/texlive/2016/texmf-dist/tex/generic/oberdiek/infwarerr.sty
Package: infwarerr 2016/05/16 v1.4 Providing info/warning/error messages (HO)
)
(/usr/local/texlive/2016/texmf-dist/tex/generic/oberdiek/ltxcmds.sty
Package: ltxcmds 2016/05/16 v1.23 LaTeX kernel commands for general use (HO)
)
\Gread@gobject=\count105
))
\Gin@req@height=\dimen127
\Gin@req@width=\dimen128
)
(/usr/local/texlive/2016/texmf-dist/tex/latex/pgf/systemlayer/pgfsys.sty
(/usr/local/texlive/2016/texmf-dist/tex/latex/pgf/utilities/pgfrcs.sty
(/usr/local/texlive/2016/texmf-dist/tex/generic/pgf/utilities/pgfutil-common.te
x
\pgfutil@everybye=\toks16
\pgfutil@tempdima=\dimen129
\pgfutil@tempdimb=\dimen130

(/usr/local/texlive/2016/texmf-dist/tex/generic/pgf/utilities/pgfutil-common-li
sts.tex))
(/usr/local/texlive/2016/texmf-dist/tex/generic/pgf/utilities/pgfutil-latex.def
\pgfutil@abb=\box34
(/usr/local/texlive/2016/texmf-dist/tex/latex/ms/everyshi.sty
Package: everyshi 2001/05/15 v3.00 EveryShipout Package (MS)
))
(/usr/local/texlive/2016/texmf-dist/tex/generic/pgf/utilities/pgfrcs.code.tex
Package: pgfrcs 2015/08/07 v3.0.1a (rcs-revision 1.31)
))
(/usr/local/texlive/2016/texmf-dist/tex/generic/pgf/systemlayer/pgfsys.code.tex
Package: pgfsys 2014/07/09 v3.0.1a (rcs-revision 1.48)
(/usr/local/texlive/2016/texmf-dist/tex/generic/pgf/utilities/pgfkeys.code.tex
\pgfkeys@pathtoks=\toks17
\pgfkeys@temptoks=\toks18

(/usr/local/texlive/2016/texmf-dist/tex/generic/pgf/utilities/pgfkeysfiltered.c
ode.tex
\pgfkeys@tmptoks=\toks19
))
\pgf@x=\dimen131
\pgf@y=\dimen132
\pgf@xa=\dimen133
\pgf@ya=\dimen134
\pgf@xb=\dimen135
\pgf@yb=\dimen136
\pgf@xc=\dimen137
\pgf@yc=\dimen138
\w@pgf@writea=\write3
\r@pgf@reada=\read1
\c@pgf@counta=\count106
\c@pgf@countb=\count107
\c@pgf@countc=\count108
\c@pgf@countd=\count109
\t@pgf@toka=\toks20
\t@pgf@tokb=\toks21
\t@pgf@tokc=\toks22

(/usr/local/texlive/2016/texmf-dist/tex/generic/pgf/systemlayer/pgf.cfg
File: pgf.cfg 2008/05/14  (rcs-revision 1.7)
)
Driver file for pgf: pgfsys-pdftex.def

(/usr/local/texlive/2016/texmf-dist/tex/generic/pgf/systemlayer/pgfsys-pdftex.d
ef
File: pgfsys-pdftex.def 2014/10/11  (rcs-revision 1.35)

(/usr/local/texlive/2016/texmf-dist/tex/generic/pgf/systemlayer/pgfsys-common-p
df.def
File: pgfsys-common-pdf.def 2013/10/10  (rcs-revision 1.13)
)))
(/usr/local/texlive/2016/texmf-dist/tex/generic/pgf/systemlayer/pgfsyssoftpath.
code.tex
File: pgfsyssoftpath.code.tex 2013/09/09  (rcs-revision 1.9)
\pgfsyssoftpath@smallbuffer@items=\count110
\pgfsyssoftpath@bigbuffer@items=\count111
)
(/usr/local/texlive/2016/texmf-dist/tex/generic/pgf/systemlayer/pgfsysprotocol.
code.tex
File: pgfsysprotocol.code.tex 2006/10/16  (rcs-revision 1.4)
)) (/usr/local/texlive/2016/texmf-dist/tex/latex/xcolor/xcolor.sty
Package: xcolor 2016/05/11 v2.12 LaTeX color extensions (UK)

(/usr/local/texlive/2016/texmf-dist/tex/latex/graphics-cfg/color.cfg
File: color.cfg 2016/01/02 v1.6 sample color configuration
)
Package xcolor Info: Driver file: pdftex.def on input line 225.
Package xcolor Info: Model `cmy' substituted by `cmy0' on input line 1348.
Package xcolor Info: Model `hsb' substituted by `rgb' on input line 1352.
Package xcolor Info: Model `RGB' extended on input line 1364.
Package xcolor Info: Model `HTML' substituted by `rgb' on input line 1366.
Package xcolor Info: Model `Hsb' substituted by `hsb' on input line 1367.
Package xcolor Info: Model `tHsb' substituted by `hsb' on input line 1368.
Package xcolor Info: Model `HSB' substituted by `hsb' on input line 1369.
Package xcolor Info: Model `Gray' substituted by `gray' on input line 1370.
Package xcolor Info: Model `wave' substituted by `hsb' on input line 1371.
)
(/usr/local/texlive/2016/texmf-dist/tex/generic/pgf/basiclayer/pgfcore.code.tex
Package: pgfcore 2010/04/11 v3.0.1a (rcs-revision 1.7)
(/usr/local/texlive/2016/texmf-dist/tex/generic/pgf/math/pgfmath.code.tex
(/usr/local/texlive/2016/texmf-dist/tex/generic/pgf/math/pgfmathcalc.code.tex
(/usr/local/texlive/2016/texmf-dist/tex/generic/pgf/math/pgfmathutil.code.tex)
(/usr/local/texlive/2016/texmf-dist/tex/generic/pgf/math/pgfmathparser.code.tex
\pgfmath@dimen=\dimen139
\pgfmath@count=\count112
\pgfmath@box=\box35
\pgfmath@toks=\toks23
\pgfmath@stack@operand=\toks24
\pgfmath@stack@operation=\toks25
)
(/usr/local/texlive/2016/texmf-dist/tex/generic/pgf/math/pgfmathfunctions.code.
tex
(/usr/local/texlive/2016/texmf-dist/tex/generic/pgf/math/pgfmathfunctions.basic
.code.tex)
(/usr/local/texlive/2016/texmf-dist/tex/generic/pgf/math/pgfmathfunctions.trigo
nometric.code.tex)
(/usr/local/texlive/2016/texmf-dist/tex/generic/pgf/math/pgfmathfunctions.rando
m.code.tex)
(/usr/local/texlive/2016/texmf-dist/tex/generic/pgf/math/pgfmathfunctions.compa
rison.code.tex)
(/usr/local/texlive/2016/texmf-dist/tex/generic/pgf/math/pgfmathfunctions.base.
code.tex)
(/usr/local/texlive/2016/texmf-dist/tex/generic/pgf/math/pgfmathfunctions.round
.code.tex)
(/usr/local/texlive/2016/texmf-dist/tex/generic/pgf/math/pgfmathfunctions.misc.
code.tex)
(/usr/local/texlive/2016/texmf-dist/tex/generic/pgf/math/pgfmathfunctions.integ
erarithmetics.code.tex)))
(/usr/local/texlive/2016/texmf-dist/tex/generic/pgf/math/pgfmathfloat.code.tex
\c@pgfmathroundto@lastzeros=\count113
))
(/usr/local/texlive/2016/texmf-dist/tex/generic/pgf/basiclayer/pgfcorepoints.co
de.tex
File: pgfcorepoints.code.tex 2013/10/07  (rcs-revision 1.27)
\pgf@picminx=\dimen140
\pgf@picmaxx=\dimen141
\pgf@picminy=\dimen142
\pgf@picmaxy=\dimen143
\pgf@pathminx=\dimen144
\pgf@pathmaxx=\dimen145
\pgf@pathminy=\dimen146
\pgf@pathmaxy=\dimen147
\pgf@xx=\dimen148
\pgf@xy=\dimen149
\pgf@yx=\dimen150
\pgf@yy=\dimen151
\pgf@zx=\dimen152
\pgf@zy=\dimen153
)
(/usr/local/texlive/2016/texmf-dist/tex/generic/pgf/basiclayer/pgfcorepathconst
ruct.code.tex
File: pgfcorepathconstruct.code.tex 2013/10/07  (rcs-revision 1.29)
\pgf@path@lastx=\dimen154
\pgf@path@lasty=\dimen155
)
(/usr/local/texlive/2016/texmf-dist/tex/generic/pgf/basiclayer/pgfcorepathusage
.code.tex
File: pgfcorepathusage.code.tex 2014/11/02  (rcs-revision 1.24)
\pgf@shorten@end@additional=\dimen156
\pgf@shorten@start@additional=\dimen157
)
(/usr/local/texlive/2016/texmf-dist/tex/generic/pgf/basiclayer/pgfcorescopes.co
de.tex
File: pgfcorescopes.code.tex 2015/05/08  (rcs-revision 1.46)
\pgfpic=\box36
\pgf@hbox=\box37
\pgf@layerbox@main=\box38
\pgf@picture@serial@count=\count114
)
(/usr/local/texlive/2016/texmf-dist/tex/generic/pgf/basiclayer/pgfcoregraphicst
ate.code.tex
File: pgfcoregraphicstate.code.tex 2014/11/02  (rcs-revision 1.12)
\pgflinewidth=\dimen158
)
(/usr/local/texlive/2016/texmf-dist/tex/generic/pgf/basiclayer/pgfcoretransform
ations.code.tex
File: pgfcoretransformations.code.tex 2015/08/07  (rcs-revision 1.20)
\pgf@pt@x=\dimen159
\pgf@pt@y=\dimen160
\pgf@pt@temp=\dimen161
)
(/usr/local/texlive/2016/texmf-dist/tex/generic/pgf/basiclayer/pgfcorequick.cod
e.tex
File: pgfcorequick.code.tex 2008/10/09  (rcs-revision 1.3)
)
(/usr/local/texlive/2016/texmf-dist/tex/generic/pgf/basiclayer/pgfcoreobjects.c
ode.tex
File: pgfcoreobjects.code.tex 2006/10/11  (rcs-revision 1.2)
)
(/usr/local/texlive/2016/texmf-dist/tex/generic/pgf/basiclayer/pgfcorepathproce
ssing.code.tex
File: pgfcorepathprocessing.code.tex 2013/09/09  (rcs-revision 1.9)
)
(/usr/local/texlive/2016/texmf-dist/tex/generic/pgf/basiclayer/pgfcorearrows.co
de.tex
File: pgfcorearrows.code.tex 2015/05/14  (rcs-revision 1.43)
\pgfarrowsep=\dimen162
)
(/usr/local/texlive/2016/texmf-dist/tex/generic/pgf/basiclayer/pgfcoreshade.cod
e.tex
File: pgfcoreshade.code.tex 2013/07/15  (rcs-revision 1.15)
\pgf@max=\dimen163
\pgf@sys@shading@range@num=\count115
)
(/usr/local/texlive/2016/texmf-dist/tex/generic/pgf/basiclayer/pgfcoreimage.cod
e.tex
File: pgfcoreimage.code.tex 2013/07/15  (rcs-revision 1.18)

(/usr/local/texlive/2016/texmf-dist/tex/generic/pgf/basiclayer/pgfcoreexternal.
code.tex
File: pgfcoreexternal.code.tex 2014/07/09  (rcs-revision 1.21)
\pgfexternal@startupbox=\box39
))
(/usr/local/texlive/2016/texmf-dist/tex/generic/pgf/basiclayer/pgfcorelayers.co
de.tex
File: pgfcorelayers.code.tex 2013/07/18  (rcs-revision 1.7)
)
(/usr/local/texlive/2016/texmf-dist/tex/generic/pgf/basiclayer/pgfcoretranspare
ncy.code.tex
File: pgfcoretransparency.code.tex 2013/09/30  (rcs-revision 1.5)
)
(/usr/local/texlive/2016/texmf-dist/tex/generic/pgf/basiclayer/pgfcorepatterns.
code.tex
File: pgfcorepatterns.code.tex 2013/11/07  (rcs-revision 1.5)
)))
(/usr/local/texlive/2016/texmf-dist/tex/latex/pgf/utilities/xxcolor.sty
Package: xxcolor 2003/10/24 ver 0.1
\XC@nummixins=\count116
\XC@countmixins=\count117
)
(/usr/local/texlive/2016/texmf-dist/tex/generic/oberdiek/atbegshi.sty
Package: atbegshi 2016/06/09 v1.18 At begin shipout hook (HO)
)
(/usr/local/texlive/2016/texmf-dist/tex/latex/hyperref/hyperref.sty
Package: hyperref 2016/06/24 v6.83q Hypertext links for LaTeX

(/usr/local/texlive/2016/texmf-dist/tex/generic/oberdiek/hobsub-hyperref.sty
Package: hobsub-hyperref 2016/05/16 v1.14 Bundle oberdiek, subset hyperref (HO)


(/usr/local/texlive/2016/texmf-dist/tex/generic/oberdiek/hobsub-generic.sty
Package: hobsub-generic 2016/05/16 v1.14 Bundle oberdiek, subset generic (HO)
Package: hobsub 2016/05/16 v1.14 Construct package bundles (HO)
Package hobsub Info: Skipping package `infwarerr' (already loaded).
Package hobsub Info: Skipping package `ltxcmds' (already loaded).
Package: ifluatex 2016/05/16 v1.4 Provides the ifluatex switch (HO)
Package ifluatex Info: LuaTeX not detected.
Package hobsub Info: Skipping package `ifvtex' (already loaded).
Package: intcalc 2016/05/16 v1.2 Expandable calculations with integers (HO)
Package hobsub Info: Skipping package `ifpdf' (already loaded).
Package: etexcmds 2016/05/16 v1.6 Avoid name clashes with e-TeX commands (HO)
Package etexcmds Info: Could not find \expanded.
(etexcmds)             That can mean that you are not using pdfTeX 1.50 or
(etexcmds)             that some package has redefined \expanded.
(etexcmds)             In the latter case, load this package earlier.
Package: kvsetkeys 2016/05/16 v1.17 Key value parser (HO)
Package: kvdefinekeys 2016/05/16 v1.4 Define keys (HO)
Package: pdftexcmds 2016/05/21 v0.22 Utility functions of pdfTeX for LuaTeX (HO
)
Package pdftexcmds Info: LuaTeX not detected.
Package pdftexcmds Info: \pdf@primitive is available.
Package pdftexcmds Info: \pdf@ifprimitive is available.
Package pdftexcmds Info: \pdfdraftmode found.
Package: pdfescape 2016/05/16 v1.14 Implements pdfTeX's escape features (HO)
Package: bigintcalc 2016/05/16 v1.4 Expandable calculations on big integers (HO
)
Package: bitset 2016/05/16 v1.2 Handle bit-vector datatype (HO)
Package: uniquecounter 2016/05/16 v1.3 Provide unlimited unique counter (HO)
)
Package hobsub Info: Skipping package `hobsub' (already loaded).
Package: letltxmacro 2016/05/16 v1.5 Let assignment for LaTeX macros (HO)
Package: hopatch 2016/05/16 v1.3 Wrapper for package hooks (HO)
Package: xcolor-patch 2016/05/16 xcolor patch
Package: atveryend 2016/05/16 v1.9 Hooks at the very end of document (HO)
Package atveryend Info: \enddocument detected (standard20110627).
Package hobsub Info: Skipping package `atbegshi' (already loaded).
Package: refcount 2016/05/16 v3.5 Data extraction from label references (HO)
Package: hycolor 2016/05/16 v1.8 Color options for hyperref/bookmark (HO)
)
(/usr/local/texlive/2016/texmf-dist/tex/latex/oberdiek/auxhook.sty
Package: auxhook 2016/05/16 v1.4 Hooks for auxiliary files (HO)
)
(/usr/local/texlive/2016/texmf-dist/tex/latex/oberdiek/kvoptions.sty
Package: kvoptions 2016/05/16 v3.12 Key value format for package options (HO)
)
\@linkdim=\dimen164
\Hy@linkcounter=\count118
\Hy@pagecounter=\count119

(/usr/local/texlive/2016/texmf-dist/tex/latex/hyperref/pd1enc.def
File: pd1enc.def 2016/06/24 v6.83q Hyperref: PDFDocEncoding definition (HO)
)
\Hy@SavedSpaceFactor=\count120

(/usr/local/texlive/2016/texmf-dist/tex/latex/latexconfig/hyperref.cfg
File: hyperref.cfg 2002/06/06 v1.2 hyperref configuration of TeXLive
)
Package hyperref Info: Option `bookmarks' set `true' on input line 4362.
Package hyperref Info: Option `bookmarksopen' set `true' on input line 4362.
Package hyperref Info: Option `implicit' set `false' on input line 4362.
Package hyperref Info: Hyper figures OFF on input line 4486.
Package hyperref Info: Link nesting OFF on input line 4491.
Package hyperref Info: Hyper index ON on input line 4494.
Package hyperref Info: Plain pages OFF on input line 4501.
Package hyperref Info: Backreferencing OFF on input line 4506.
Package hyperref Info: Implicit mode OFF; no redefinition of LaTeX internals.
Package hyperref Info: Bookmarks ON on input line 4735.
\c@Hy@tempcnt=\count121

(/usr/local/texlive/2016/texmf-dist/tex/latex/url/url.sty
\Urlmuskip=\muskip10
Package: url 2013/09/16  ver 3.4  Verb mode for urls, etc.
)
LaTeX Info: Redefining \url on input line 5088.
\XeTeXLinkMargin=\dimen165
\Fld@menulength=\count122
\Field@Width=\dimen166
\Fld@charsize=\dimen167
Package hyperref Info: Hyper figures OFF on input line 6342.
Package hyperref Info: Link nesting OFF on input line 6347.
Package hyperref Info: Hyper index ON on input line 6350.
Package hyperref Info: backreferencing OFF on input line 6357.
Package hyperref Info: Link coloring OFF on input line 6362.
Package hyperref Info: Link coloring with OCG OFF on input line 6367.
Package hyperref Info: PDF/A mode OFF on input line 6372.
LaTeX Info: Redefining \ref on input line 6412.
LaTeX Info: Redefining \pageref on input line 6416.
\Hy@abspage=\count123


Package hyperref Message: Stopped early.

)

Package hyperref Message: Driver (autodetected): hpdftex.

(/usr/local/texlive/2016/texmf-dist/tex/latex/hyperref/hpdftex.def
File: hpdftex.def 2016/06/24 v6.83q Hyperref driver for pdfTeX
\Fld@listcount=\count124
\c@bookmark@seq@number=\count125

(/usr/local/texlive/2016/texmf-dist/tex/latex/oberdiek/rerunfilecheck.sty
Package: rerunfilecheck 2016/05/16 v1.8 Rerun checks for auxiliary files (HO)
Package uniquecounter Info: New unique counter `rerunfilecheck' on input line 2
82.
))
(/usr/local/texlive/2016/texmf-dist/tex/latex/beamer/beamerbaserequires.sty
Package: beamerbaserequires 2010/05/01  (rcs-revision efa082c6111d)

(/usr/local/texlive/2016/texmf-dist/tex/latex/beamer/beamerbasecompatibility.st
y
Package: beamerbasecompatibility 2012/05/01  (rcs-revision 67c48b3b652d)
) (/usr/local/texlive/2016/texmf-dist/tex/latex/beamer/beamerbasefont.sty
Package: beamerbasefont 2015/01/05  (rcs-revision b4b4bee242e2)

(/usr/local/texlive/2016/texmf-dist/tex/latex/amsfonts/amssymb.sty
Package: amssymb 2013/01/14 v3.01 AMS font symbols

(/usr/local/texlive/2016/texmf-dist/tex/latex/amsfonts/amsfonts.sty
Package: amsfonts 2013/01/14 v3.01 Basic AMSFonts support
\@emptytoks=\toks26
\symAMSa=\mathgroup4
\symAMSb=\mathgroup5
LaTeX Font Info:    Overwriting math alphabet `\mathfrak' in version `bold'
(Font)                  U/euf/m/n --> U/euf/b/n on input line 106.
))
(/usr/local/texlive/2016/texmf-dist/tex/latex/sansmathaccent/sansmathaccent.sty
Package: sansmathaccent 2013/03/28
(/usr/local/texlive/2016/texmf-dist/tex/latex/filehook/filehook.sty
Package: filehook 2011/10/12 v0.5d Hooks for input files
)))
(/usr/local/texlive/2016/texmf-dist/tex/latex/beamer/beamerbasetranslator.sty
Package: beamerbasetranslator 2010/06/11  (rcs-revision 85fd1cc7fc42)

(/usr/local/texlive/2016/texmf-dist/tex/latex/beamer/translator/translator.sty
Package: translator 2010/06/12 ver 1.10

(/usr/local/texlive/2016/texmf-dist/tex/latex/beamer/translator/translator-lang
uage-mappings.tex)))
(/usr/local/texlive/2016/texmf-dist/tex/latex/beamer/beamerbasemisc.sty
Package: beamerbasemisc 2013/09/03  (rcs-revision a55719c41d85)
)
(/usr/local/texlive/2016/texmf-dist/tex/latex/beamer/beamerbasetwoscreens.sty
Package: beamerbasetwoscreens 2010/05/01  (rcs-revision efa082c6111d)
)
(/usr/local/texlive/2016/texmf-dist/tex/latex/beamer/beamerbaseoverlay.sty
Package: beamerbaseoverlay 2013/12/25  (rcs-revision f6bd5e3805da)
\beamer@argscount=\count126
\beamer@lastskipcover=\skip44
\beamer@trivlistdepth=\count127
)
(/usr/local/texlive/2016/texmf-dist/tex/latex/beamer/beamerbasetitle.sty
Package: beamerbasetitle 2010/09/21  (rcs-revision f0446ed0b6ae)
)
(/usr/local/texlive/2016/texmf-dist/tex/latex/beamer/beamerbasesection.sty
Package: beamerbasesection 2013/06/07  (rcs-revision 60b9fe0f342f)
\c@lecture=\count128
\c@part=\count129
\c@section=\count130
\c@subsection=\count131
\c@subsubsection=\count132
)
(/usr/local/texlive/2016/texmf-dist/tex/latex/beamer/beamerbaseframe.sty
Package: beamerbaseframe 2014/02/20  (rcs-revision 4b8ceeeff434)
\beamer@framebox=\box40
\beamer@frametitlebox=\box41
\beamer@zoombox=\box42
\beamer@zoomcount=\count133
\beamer@zoomframecount=\count134
\beamer@frametextheight=\dimen168
\c@subsectionslide=\count135
\beamer@frametopskip=\skip45
\beamer@framebottomskip=\skip46
\beamer@frametopskipautobreak=\skip47
\beamer@framebottomskipautobreak=\skip48
\beamer@envbody=\toks27
\framewidth=\dimen169
\c@framenumber=\count136
)
(/usr/local/texlive/2016/texmf-dist/tex/latex/beamer/beamerbaseverbatim.sty
Package: beamerbaseverbatim 2015/01/05  (rcs-revision 431510bb5890)
\beamer@verbatimfileout=\write4
)
(/usr/local/texlive/2016/texmf-dist/tex/latex/beamer/beamerbaseframesize.sty
Package: beamerbaseframesize 2011/09/12  (rcs-revision 70f9d8411e54)
\beamer@splitbox=\box43
\beamer@autobreakcount=\count137
\beamer@autobreaklastheight=\dimen170
\beamer@frametitletoks=\toks28
\beamer@framesubtitletoks=\toks29
)
(/usr/local/texlive/2016/texmf-dist/tex/latex/beamer/beamerbaseframecomponents.
sty
Package: beamerbaseframecomponents 2013/10/18  (rcs-revision 5cf6c5555a45)
\beamer@footins=\box44
) (/usr/local/texlive/2016/texmf-dist/tex/latex/beamer/beamerbasecolor.sty
Package: beamerbasecolor 2015/02/21  (rcs-revision d944b04ee2d5)
)
(/usr/local/texlive/2016/texmf-dist/tex/latex/beamer/beamerbasenotes.sty
Package: beamerbasenotes 2012/12/19  (rcs-revision 1686da3db3c9)
\beamer@frameboxcopy=\box45
)
(/usr/local/texlive/2016/texmf-dist/tex/latex/beamer/beamerbasetoc.sty
Package: beamerbasetoc 2015/03/08  (rcs-revision 7270298bbaae)
)
(/usr/local/texlive/2016/texmf-dist/tex/latex/beamer/beamerbasetemplates.sty
Package: beamerbasetemplates 2010/05/01  (rcs-revision efa082c6111d)
\beamer@sbttoks=\toks30

(/usr/local/texlive/2016/texmf-dist/tex/latex/beamer/beamerbaseauxtemplates.sty
Package: beamerbaseauxtemplates 2014/06/30  (rcs-revision 580088513a67)
(/usr/local/texlive/2016/texmf-dist/tex/latex/beamer/beamerbaseboxes.sty
Package: beamerbaseboxes 2012/05/13  (rcs-revision 56972908a390)
\bmb@box=\box46
\bmb@colorbox=\box47
\bmb@boxshadow=\box48
\bmb@boxshadowball=\box49
\bmb@boxshadowballlarge=\box50
\bmb@temp=\dimen171
\bmb@dima=\dimen172
\bmb@dimb=\dimen173
\bmb@prevheight=\dimen174
)
\beamer@blockheadheight=\dimen175
))
(/usr/local/texlive/2016/texmf-dist/tex/latex/beamer/beamerbaselocalstructure.s
ty
Package: beamerbaselocalstructure 2014/09/10  (rcs-revision 393f6dcff371)
 (/usr/local/texlive/2016/texmf-dist/tex/latex/tools/enumerate.sty
Package: enumerate 2015/07/23 v3.00 enumerate extensions (DPC)
\@enLab=\toks31
)
\c@figure=\count138
\c@table=\count139
\abovecaptionskip=\skip49
\belowcaptionskip=\skip50
)
(/usr/local/texlive/2016/texmf-dist/tex/latex/beamer/beamerbasenavigation.sty
Package: beamerbasenavigation 2015/02/27  (rcs-revision 923f4bf87efa)
\beamer@section@min@dim=\dimen176
)
(/usr/local/texlive/2016/texmf-dist/tex/latex/beamer/beamerbasetheorems.sty
Package: beamerbasetheorems 2010/06/06  (rcs-revision 7e7cc5e53e9d)

(/usr/local/texlive/2016/texmf-dist/tex/latex/amsmath/amsmath.sty
Package: amsmath 2016/06/28 v2.15d AMS math features
\@mathmargin=\skip51

For additional information on amsmath, use the `?' option.
(/usr/local/texlive/2016/texmf-dist/tex/latex/amsmath/amstext.sty
Package: amstext 2000/06/29 v2.01 AMS text

(/usr/local/texlive/2016/texmf-dist/tex/latex/amsmath/amsgen.sty
File: amsgen.sty 1999/11/30 v2.0 generic functions
\@emptytoks=\toks32
\ex@=\dimen177
))
(/usr/local/texlive/2016/texmf-dist/tex/latex/amsmath/amsbsy.sty
Package: amsbsy 1999/11/29 v1.2d Bold Symbols
\pmbraise@=\dimen178
)
(/usr/local/texlive/2016/texmf-dist/tex/latex/amsmath/amsopn.sty
Package: amsopn 2016/03/08 v2.02 operator names
)
\inf@bad=\count140
LaTeX Info: Redefining \frac on input line 199.
\uproot@=\count141
\leftroot@=\count142
LaTeX Info: Redefining \overline on input line 297.
\classnum@=\count143
\DOTSCASE@=\count144
LaTeX Info: Redefining \ldots on input line 394.
LaTeX Info: Redefining \dots on input line 397.
LaTeX Info: Redefining \cdots on input line 518.
\Mathstrutbox@=\box51
\strutbox@=\box52
\big@size=\dimen179
LaTeX Font Info:    Redeclaring font encoding OML on input line 634.
LaTeX Font Info:    Redeclaring font encoding OMS on input line 635.
\macc@depth=\count145
\c@MaxMatrixCols=\count146
\dotsspace@=\muskip11
\c@parentequation=\count147
\dspbrk@lvl=\count148
\tag@help=\toks33
\row@=\count149
\column@=\count150
\maxfields@=\count151
\andhelp@=\toks34
\eqnshift@=\dimen180
\alignsep@=\dimen181
\tagshift@=\dimen182
\tagwidth@=\dimen183
\totwidth@=\dimen184
\lineht@=\dimen185
\@envbody=\toks35
\multlinegap=\skip52
\multlinetaggap=\skip53
\mathdisplay@stack=\toks36
LaTeX Info: Redefining \[ on input line 2739.
LaTeX Info: Redefining \] on input line 2740.
)
(/usr/local/texlive/2016/texmf-dist/tex/latex/amscls/amsthm.sty
Package: amsthm 2015/03/04 v2.20.2
\thm@style=\toks37
\thm@bodyfont=\toks38
\thm@headfont=\toks39
\thm@notefont=\toks40
\thm@headpunct=\toks41
\thm@preskip=\skip54
\thm@postskip=\skip55
\thm@headsep=\skip56
\dth@everypar=\toks42
)
\c@theorem=\count152
)
(/usr/local/texlive/2016/texmf-dist/tex/latex/beamer/beamerbasethemes.sty
Package: beamerbasethemes 2010/05/01  (rcs-revision efa082c6111d)
))
(/usr/local/texlive/2016/texmf-dist/tex/latex/beamer/themes/theme/beamerthemede
fault.sty
Package: beamerthemedefault 2010/06/17  (rcs-revision d02a7cf4d8ae)

(/usr/local/texlive/2016/texmf-dist/tex/latex/beamer/themes/font/beamerfontthem
edefault.sty
Package: beamerfontthemedefault 2012/12/19  (rcs-revision 1686da3db3c9)
)
(/usr/local/texlive/2016/texmf-dist/tex/latex/beamer/themes/color/beamercolorth
emedefault.sty
Package: beamercolorthemedefault 2012/12/19  (rcs-revision 1686da3db3c9)
)
(/usr/local/texlive/2016/texmf-dist/tex/latex/beamer/themes/inner/beamerinnerth
emedefault.sty
Package: beamerinnerthemedefault 2014/06/30  (rcs-revision 580088513a67)
\beamer@dima=\dimen186
\beamer@dimb=\dimen187
)
(/usr/local/texlive/2016/texmf-dist/tex/latex/beamer/themes/outer/beamerouterth
emedefault.sty
Package: beamerouterthemedefault 2012/12/19  (rcs-revision 1686da3db3c9)
)))
(/usr/local/texlive/2016/texmf-dist/tex/latex/beamer/themes/theme/beamerthemeBo
adilla.sty
Package: beamerthemeBoadilla 2010/06/17  (rcs-revision d02a7cf4d8ae)

(/usr/local/texlive/2016/texmf-dist/tex/latex/beamer/themes/color/beamercolorth
emerose.sty
Package: beamercolorthemerose 2010/06/17  (rcs-revision d02a7cf4d8ae)
)
(/usr/local/texlive/2016/texmf-dist/tex/latex/beamer/themes/inner/beamerinnerth
emerounded.sty
Package: beamerinnerthemerounded 2010/06/17  (rcs-revision d02a7cf4d8ae)
)
(/usr/local/texlive/2016/texmf-dist/tex/latex/beamer/themes/color/beamercolorth
emedolphin.sty
Package: beamercolorthemedolphin 2010/06/17  (rcs-revision d02a7cf4d8ae)
)
(/usr/local/texlive/2016/texmf-dist/tex/latex/beamer/themes/outer/beamerouterth
emeinfolines.sty
Package: beamerouterthemeinfolines 2012/10/16  (rcs-revision 51a8c72084af)
))
(/usr/local/texlive/2016/texmf-dist/tex/latex/beamer/themes/font/beamerfontthem
eprofessionalfonts.sty
Package: beamerfontthemeprofessionalfonts 2010/06/17  (rcs-revision d02a7cf4d8a
e)
)
(/usr/local/texlive/2016/texmf-dist/tex/latex/lm/lmodern.sty
Package: lmodern 2009/10/30 v1.6 Latin Modern Fonts
LaTeX Font Info:    Overwriting symbol font `operators' in version `normal'
(Font)                  OT1/cmr/m/n --> OT1/lmr/m/n on input line 22.
LaTeX Font Info:    Overwriting symbol font `letters' in version `normal'
(Font)                  OML/cmm/m/it --> OML/lmm/m/it on input line 23.
LaTeX Font Info:    Overwriting symbol font `symbols' in version `normal'
(Font)                  OMS/cmsy/m/n --> OMS/lmsy/m/n on input line 24.
LaTeX Font Info:    Overwriting symbol font `largesymbols' in version `normal'
(Font)                  OMX/cmex/m/n --> OMX/lmex/m/n on input line 25.
LaTeX Font Info:    Overwriting symbol font `operators' in version `bold'
(Font)                  OT1/cmr/bx/n --> OT1/lmr/bx/n on input line 26.
LaTeX Font Info:    Overwriting symbol font `letters' in version `bold'
(Font)                  OML/cmm/b/it --> OML/lmm/b/it on input line 27.
LaTeX Font Info:    Overwriting symbol font `symbols' in version `bold'
(Font)                  OMS/cmsy/b/n --> OMS/lmsy/b/n on input line 28.
LaTeX Font Info:    Overwriting symbol font `largesymbols' in version `bold'
(Font)                  OMX/cmex/m/n --> OMX/lmex/m/n on input line 29.
LaTeX Font Info:    Overwriting math alphabet `\mathbf' in version `normal'
(Font)                  OT1/cmr/bx/n --> OT1/lmr/bx/n on input line 31.
LaTeX Font Info:    Overwriting math alphabet `\mathsf' in version `normal'
(Font)                  OT1/cmss/m/n --> OT1/lmss/m/n on input line 32.
LaTeX Font Info:    Overwriting math alphabet `\mathit' in version `normal'
(Font)                  OT1/cmr/m/it --> OT1/lmr/m/it on input line 33.
LaTeX Font Info:    Overwriting math alphabet `\mathtt' in version `normal'
(Font)                  OT1/cmtt/m/n --> OT1/lmtt/m/n on input line 34.
LaTeX Font Info:    Overwriting math alphabet `\mathbf' in version `bold'
(Font)                  OT1/cmr/bx/n --> OT1/lmr/bx/n on input line 35.
LaTeX Font Info:    Overwriting math alphabet `\mathsf' in version `bold'
(Font)                  OT1/cmss/bx/n --> OT1/lmss/bx/n on input line 36.
LaTeX Font Info:    Overwriting math alphabet `\mathit' in version `bold'
(Font)                  OT1/cmr/bx/it --> OT1/lmr/bx/it on input line 37.
LaTeX Font Info:    Overwriting math alphabet `\mathtt' in version `bold'
(Font)                  OT1/cmtt/m/n --> OT1/lmtt/m/n on input line 38.
)
(/usr/local/texlive/2016/texmf-dist/tex/latex/oberdiek/grffile.sty
Package: grffile 2016/05/16 v1.17 Extended file name support for graphics (HO)
Package grffile Info: Option `multidot' is set to `true'.
Package grffile Info: Option `extendedchars' is set to `false'.
Package grffile Info: Option `space' is set to `true'.
Package grffile Info: \Gin@ii of package `graphicx' fixed on input line 486.
)
(/usr/local/texlive/2016/texmf-dist/tex/latex/tools/multicol.sty
Package: multicol 2016/04/07 v1.8p multicolumn formatting (FMi)
\c@tracingmulticols=\count153
\mult@box=\box53
\multicol@leftmargin=\dimen188
\c@unbalance=\count154
\c@collectmore=\count155
\doublecol@number=\count156
\multicoltolerance=\count157
\multicolpretolerance=\count158
\full@width=\dimen189
\page@free=\dimen190
\premulticols=\dimen191
\postmulticols=\dimen192
\multicolsep=\skip57
\multicolbaselineskip=\skip58
\partial@page=\box54
\last@line=\box55
\maxbalancingoverflow=\dimen193
\mult@rightbox=\box56
\mult@grightbox=\box57
\mult@gfirstbox=\box58
\mult@firstbox=\box59
\@tempa=\box60
\@tempa=\box61
\@tempa=\box62
\@tempa=\box63
\@tempa=\box64
\@tempa=\box65
\@tempa=\box66
\@tempa=\box67
\@tempa=\box68
\@tempa=\box69
\@tempa=\box70
\@tempa=\box71
\@tempa=\box72
\@tempa=\box73
\@tempa=\box74
\@tempa=\box75
\@tempa=\box76
\c@columnbadness=\count159
\c@finalcolumnbadness=\count160
\last@try=\dimen194
\multicolovershoot=\dimen195
\multicolundershoot=\dimen196
\mult@nat@firstbox=\box77
\colbreak@box=\box78
\mc@col@check@num=\count161
) (./data.aux

LaTeX Warning: Label `sub:wes' multiply defined.


LaTeX Warning: Label `sub:western_basin' multiply defined.


LaTeX Warning: Label `sub:central_basin' multiply defined.


LaTeX Warning: Label `sub:eastern_basin' multiply defined.

)
\openout1 = `data.aux'.

LaTeX Font Info:    Checking defaults for OML/cmm/m/it on input line 17.
LaTeX Font Info:    ... okay on input line 17.
LaTeX Font Info:    Checking defaults for T1/cmr/m/n on input line 17.
LaTeX Font Info:    ... okay on input line 17.
LaTeX Font Info:    Checking defaults for OT1/cmr/m/n on input line 17.
LaTeX Font Info:    ... okay on input line 17.
LaTeX Font Info:    Checking defaults for OMS/cmsy/m/n on input line 17.
LaTeX Font Info:    ... okay on input line 17.
LaTeX Font Info:    Checking defaults for OMX/cmex/m/n on input line 17.
LaTeX Font Info:    ... okay on input line 17.
LaTeX Font Info:    Checking defaults for U/cmr/m/n on input line 17.
LaTeX Font Info:    ... okay on input line 17.
LaTeX Font Info:    Checking defaults for PD1/pdf/m/n on input line 17.
LaTeX Font Info:    ... okay on input line 17.
LaTeX Font Info:    Try loading font information for OT1+lmss on input line 17.

 (/usr/local/texlive/2016/texmf-dist/tex/latex/lm/ot1lmss.fd
File: ot1lmss.fd 2009/10/30 v1.6 Font defs for Latin Modern
)
*geometry* driver: auto-detecting
*geometry* detected driver: pdftex
*geometry* verbose mode - [ preamble ] result:
* driver: pdftex
* paper: custom
* layout: <same size as paper>
* layoutoffset:(h,v)=(0.0pt,0.0pt)
* modes: includehead includefoot 
* h-part:(L,W,R)=(10.95003pt, 342.2953pt, 10.95003pt)
* v-part:(T,H,B)=(0.0pt, 273.14662pt, 0.0pt)
* \paperwidth=364.19536pt
* \paperheight=273.14662pt
* \textwidth=342.2953pt
* \textheight=244.6939pt
* \oddsidemargin=-61.31996pt
* \evensidemargin=-61.31996pt
* \topmargin=-72.26999pt
* \headheight=14.22636pt
* \headsep=0.0pt
* \topskip=11.0pt
* \footskip=14.22636pt
* \marginparwidth=4.0pt
* \marginparsep=10.0pt
* \columnsep=10.0pt
* \skip\footins=10.0pt plus 4.0pt minus 2.0pt
* \hoffset=0.0pt
* \voffset=0.0pt
* \mag=1000
* \@twocolumnfalse
* \@twosidefalse
* \@mparswitchfalse
* \@reversemarginfalse
* (1in=72.27pt=25.4mm, 1cm=28.453pt)

(/usr/local/texlive/2016/texmf-dist/tex/context/base/mkii/supp-pdf.mkii
[Loading MPS to PDF converter (version 2006.09.02).]
\scratchcounter=\count162
\scratchdimen=\dimen197
\scratchbox=\box79
\nofMPsegments=\count163
\nofMParguments=\count164
\everyMPshowfont=\toks43
\MPscratchCnt=\count165
\MPscratchDim=\dimen198
\MPnumerator=\count166
\makeMPintoPDFobject=\count167
\everyMPtoPDFconversion=\toks44
) (/usr/local/texlive/2016/texmf-dist/tex/latex/oberdiek/epstopdf-base.sty
Package: epstopdf-base 2016/05/15 v2.6 Base part for package epstopdf

(/usr/local/texlive/2016/texmf-dist/tex/latex/oberdiek/grfext.sty
Package: grfext 2016/05/16 v1.2 Manage graphics extensions (HO)
)
Package epstopdf-base Info: Redefining graphics rule for `.eps' on input line 4
38.
Package grfext Info: Graphics extension search list:
(grfext)             [.png,.pdf,.jpg,.mps,.jpeg,.jbig2,.jb2,.PNG,.PDF,.JPG,.JPE
G,.JBIG2,.JB2,.eps]
(grfext)             \AppendGraphicsExtensions on input line 456.

(/usr/local/texlive/2016/texmf-dist/tex/latex/latexconfig/epstopdf-sys.cfg
File: epstopdf-sys.cfg 2010/07/13 v1.3 Configuration of (r)epstopdf for TeX Liv
e
))
ABD: EveryShipout initializing macros
\AtBeginShipoutBox=\box80
Package hyperref Info: Link coloring OFF on input line 17.

(/usr/local/texlive/2016/texmf-dist/tex/latex/hyperref/nameref.sty
Package: nameref 2016/05/21 v2.44 Cross-referencing by name of section

(/usr/local/texlive/2016/texmf-dist/tex/generic/oberdiek/gettitlestring.sty
Package: gettitlestring 2016/05/16 v1.5 Cleanup title references (HO)
)
\c@section@level=\count168
)
LaTeX Info: Redefining \ref on input line 17.
LaTeX Info: Redefining \pageref on input line 17.
LaTeX Info: Redefining \nameref on input line 17.

(./data.out) (./data.out)
\@outlinefile=\write5
\openout5 = `data.out'.


(/usr/local/texlive/2016/texmf-dist/tex/latex/beamer/translator/dicts/translato
r-basic-dictionary/translator-basic-dictionary-English.dict
Dictionary: translator-basic-dictionary, Language: English 
)
(/usr/local/texlive/2016/texmf-dist/tex/latex/beamer/translator/dicts/translato
r-bibliography-dictionary/translator-bibliography-dictionary-English.dict
Dictionary: translator-bibliography-dictionary, Language: English 
)
(/usr/local/texlive/2016/texmf-dist/tex/latex/beamer/translator/dicts/translato
r-environment-dictionary/translator-environment-dictionary-English.dict
Dictionary: translator-environment-dictionary, Language: English 
)
(/usr/local/texlive/2016/texmf-dist/tex/latex/beamer/translator/dicts/translato
r-months-dictionary/translator-months-dictionary-English.dict
Dictionary: translator-months-dictionary, Language: English 
)
(/usr/local/texlive/2016/texmf-dist/tex/latex/beamer/translator/dicts/translato
r-numbers-dictionary/translator-numbers-dictionary-English.dict
Dictionary: translator-numbers-dictionary, Language: English 
)
(/usr/local/texlive/2016/texmf-dist/tex/latex/beamer/translator/dicts/translato
r-theorem-dictionary/translator-theorem-dictionary-English.dict
Dictionary: translator-theorem-dictionary, Language: English 
)
LaTeX Info: Redefining \includegraphics on input line 17.
 (./data.nav)
[1

{/usr/local/texlive/2016/texmf-var/fonts/map/pdftex/updmap/pdftex.map}]
(./data.toc) [2

]
<../../post_proc_scripts/plots/weather/western basin weather.png, id=144, 1445.
4pt x 722.7pt>
File: ../../post_proc_scripts/plots/weather/western basin weather.png Graphic f
ile (type png)

<use ../../post_proc_scripts/plots/weather/western basin weather.png>
Package pdftex.def Info: ../../post_proc_scripts/plots/weather/western basin we
ather.png used on input line 41.
(pdftex.def)             Requested size: 342.2953pt x 171.14679pt.
 [3

 <../../post_proc_scripts/plots/weather/western basin weather.png>]
<../../post_proc_scripts/plots/weather/central basin weather.png, id=175, 1445.
4pt x 722.7pt>
File: ../../post_proc_scripts/plots/weather/central basin weather.png Graphic f
ile (type png)

<use ../../post_proc_scripts/plots/weather/central basin weather.png>
Package pdftex.def Info: ../../post_proc_scripts/plots/weather/central basin we
ather.png used on input line 51.
(pdftex.def)             Requested size: 342.2953pt x 171.14679pt.
 [4

 <../../post_proc_scripts/plots/weather/central basin weather.png>]pdfTeX warni
ng (ext4): destination with the same identifier (name{sub:wes}) has been alread
y used, duplicate ignored
<to be read again> 
                   \relax 
l.61 \end{frame}
                
<../../post_proc_scripts/plots/weather/eastern basin weather.png, id=203, 1445.
4pt x 722.7pt>
File: ../../post_proc_scripts/plots/weather/eastern basin weather.png Graphic f
ile (type png)

<use ../../post_proc_scripts/plots/weather/eastern basin weather.png>
Package pdftex.def Info: ../../post_proc_scripts/plots/weather/eastern basin we
ather.png used on input line 61.
(pdftex.def)             Requested size: 342.2953pt x 171.14679pt.
 [5

 <../../post_proc_scripts/plots/weather/eastern basin weather.png>]
<../../post_proc_scripts/plots/rivers/Western basin/plot_all detroitriver.png, 
id=230, 1445.4pt x 722.7pt>
File: ../../post_proc_scripts/plots/rivers/Western basin/plot_all detroitriver.
png Graphic file (type png)

<use ../../post_proc_scripts/plots/rivers/Western basin/plot_all detroitriver.p
ng>
Package pdftex.def Info: ../../post_proc_scripts/plots/rivers/Western basin/plo
t_all detroitriver.png used on input line 74.
(pdftex.def)             Requested size: 342.2953pt x 171.14679pt.
 [6

 <../../post_proc_scripts/plots/rivers/Western basin/plot_all detroitriver.png>
]
<../../post_proc_scripts/plots/rivers/Western basin/plot_all huronriver.png, id
=263, 1445.4pt x 722.7pt>
File: ../../post_proc_scripts/plots/rivers/Western basin/plot_all huronriver.pn
g Graphic file (type png)

<use ../../post_proc_scripts/plots/rivers/Western basin/plot_all huronriver.png
>
Package pdftex.def Info: ../../post_proc_scripts/plots/rivers/Western basin/plo
t_all huronriver.png used on input line 82.
(pdftex.def)             Requested size: 342.2953pt x 171.14679pt.
 [7

 <../../post_proc_scripts/plots/rivers/Western basin/plot_all huronriver.png>]
<../../post_proc_scripts/plots/rivers/Western basin/plot_all maumeeriver.png, i
d=292, 1445.4pt x 722.7pt>
File: ../../post_proc_scripts/plots/rivers/Western basin/plot_all maumeeriver.p
ng Graphic file (type png)

<use ../../post_proc_scripts/plots/rivers/Western basin/plot_all maumeeriver.pn
g>
Package pdftex.def Info: ../../post_proc_scripts/plots/rivers/Western basin/plo
t_all maumeeriver.png used on input line 90.
(pdftex.def)             Requested size: 342.2953pt x 171.14679pt.
 [8

 <../../post_proc_scripts/plots/rivers/Western basin/plot_all maumeeriver.png>]

<../../post_proc_scripts/plots/rivers/Western basin/plot_all ottawariver.png, i
d=320, 1445.4pt x 722.7pt>
File: ../../post_proc_scripts/plots/rivers/Western basin/plot_all ottawariver.p
ng Graphic file (type png)

<use ../../post_proc_scripts/plots/rivers/Western basin/plot_all ottawariver.pn
g>
Package pdftex.def Info: ../../post_proc_scripts/plots/rivers/Western basin/plo
t_all ottawariver.png used on input line 98.
(pdftex.def)             Requested size: 342.2953pt x 171.14679pt.
 [9

 <../../post_proc_scripts/plots/rivers/Western basin/plot_all ottawariver.png>]

<../../post_proc_scripts/plots/rivers/Western basin/plot_all portageriver.png, 
id=348, 1445.4pt x 722.7pt>
File: ../../post_proc_scripts/plots/rivers/Western basin/plot_all portageriver.
png Graphic file (type png)

<use ../../post_proc_scripts/plots/rivers/Western basin/plot_all portageriver.p
ng>
Package pdftex.def Info: ../../post_proc_scripts/plots/rivers/Western basin/plo
t_all portageriver.png used on input line 106.
(pdftex.def)             Requested size: 342.2953pt x 171.14679pt.
 [10

 <../../post_proc_scripts/plots/rivers/Western basin/plot_all portageriver.png>
]
<../../post_proc_scripts/plots/rivers/Western basin/plot_all riverraisin.png, i
d=377, 1445.4pt x 722.7pt>
File: ../../post_proc_scripts/plots/rivers/Western basin/plot_all riverraisin.p
ng Graphic file (type png)

<use ../../post_proc_scripts/plots/rivers/Western basin/plot_all riverraisin.pn
g>
Package pdftex.def Info: ../../post_proc_scripts/plots/rivers/Western basin/plo
t_all riverraisin.png used on input line 114.
(pdftex.def)             Requested size: 342.2953pt x 171.14679pt.
 [11

 <../../post_proc_scripts/plots/rivers/Western basin/plot_all riverraisin.png>]

<../../post_proc_scripts/plots/rivers/Western basin/plot_all stonycreek.png, id
=405, 1445.4pt x 722.7pt>
File: ../../post_proc_scripts/plots/rivers/Western basin/plot_all stonycreek.pn
g Graphic file (type png)

<use ../../post_proc_scripts/plots/rivers/Western basin/plot_all stonycreek.png
>
Package pdftex.def Info: ../../post_proc_scripts/plots/rivers/Western basin/plo
t_all stonycreek.png used on input line 122.
(pdftex.def)             Requested size: 342.2953pt x 171.14679pt.
 [12

 <../../post_proc_scripts/plots/rivers/Western basin/plot_all stonycreek.png>]
<../../post_proc_scripts/plots/rivers/Western basin/plot_all swancreek.png, id=
432, 1445.4pt x 722.7pt>
File: ../../post_proc_scripts/plots/rivers/Western basin/plot_all swancreek.png
 Graphic file (type png)

<use ../../post_proc_scripts/plots/rivers/Western basin/plot_all swancreek.png>
Package pdftex.def Info: ../../post_proc_scripts/plots/rivers/Western basin/plo
t_all swancreek.png used on input line 130.
(pdftex.def)             Requested size: 342.2953pt x 171.14679pt.
[13

 <../../post_proc_scripts/plots/rivers/Western basin/plot_all swancreek.png>]
<../../post_proc_scripts/plots/rivers/Central basin/plot_all ashtabulariver.png
, id=460, 1445.4pt x 722.7pt>
File: ../../post_proc_scripts/plots/rivers/Central basin/plot_all ashtabularive
r.png Graphic file (type png)

<use ../../post_proc_scripts/plots/rivers/Central basin/plot_all ashtabulariver
.png>
Package pdftex.def Info: ../../post_proc_scripts/plots/rivers/Central basin/plo
t_all ashtabulariver.png used on input line 143.
(pdftex.def)             Requested size: 342.2953pt x 171.14679pt.
 [14

 <../../post_proc_scripts/plots/rivers/Central basin/plot_all ashtabulariver.pn
g>]
<../../post_proc_scripts/plots/rivers/Central basin/plot_all blackriver.png, id
=491, 1445.4pt x 722.7pt>
File: ../../post_proc_scripts/plots/rivers/Central basin/plot_all blackriver.pn
g Graphic file (type png)

<use ../../post_proc_scripts/plots/rivers/Central basin/plot_all blackriver.png
>
Package pdftex.def Info: ../../post_proc_scripts/plots/rivers/Central basin/plo
t_all blackriver.png used on input line 150.
(pdftex.def)             Requested size: 342.2953pt x 171.14679pt.
 [15

 <../../post_proc_scripts/plots/rivers/Central basin/plot_all blackriver.png>]
<../../post_proc_scripts/plots/rivers/Central basin/plot_all chagrinriver.png, 
id=519, 1445.4pt x 722.7pt>
File: ../../post_proc_scripts/plots/rivers/Central basin/plot_all chagrinriver.
png Graphic file (type png)

<use ../../post_proc_scripts/plots/rivers/Central basin/plot_all chagrinriver.p
ng>
Package pdftex.def Info: ../../post_proc_scripts/plots/rivers/Central basin/plo
t_all chagrinriver.png used on input line 157.
(pdftex.def)             Requested size: 342.2953pt x 171.14679pt.
 [16

 <../../post_proc_scripts/plots/rivers/Central basin/plot_all chagrinriver.png>
]
<../../post_proc_scripts/plots/rivers/Central basin/plot_all conneautcreek.png,
 id=547, 1445.4pt x 722.7pt>
File: ../../post_proc_scripts/plots/rivers/Central basin/plot_all conneautcreek
.png Graphic file (type png)

<use ../../post_proc_scripts/plots/rivers/Central basin/plot_all conneautcreek.
png>
Package pdftex.def Info: ../../post_proc_scripts/plots/rivers/Central basin/plo
t_all conneautcreek.png used on input line 164.
(pdftex.def)             Requested size: 342.2953pt x 171.14679pt.
 [17

 <../../post_proc_scripts/plots/rivers/Central basin/plot_all conneautcreek.png
>]
<../../post_proc_scripts/plots/rivers/Central basin/plot_all cuyahogariver.png,
 id=575, 1445.4pt x 722.7pt>
File: ../../post_proc_scripts/plots/rivers/Central basin/plot_all cuyahogariver
.png Graphic file (type png)

<use ../../post_proc_scripts/plots/rivers/Central basin/plot_all cuyahogariver.
png>
Package pdftex.def Info: ../../post_proc_scripts/plots/rivers/Central basin/plo
t_all cuyahogariver.png used on input line 171.
(pdftex.def)             Requested size: 342.2953pt x 171.14679pt.
 [18

 <../../post_proc_scripts/plots/rivers/Central basin/plot_all cuyahogariver.png
>]
<../../post_proc_scripts/plots/rivers/Central basin/plot_all grandriver.png, id
=604, 1445.4pt x 722.7pt>
File: ../../post_proc_scripts/plots/rivers/Central basin/plot_all grandriver.pn
g Graphic file (type png)

<use ../../post_proc_scripts/plots/rivers/Central basin/plot_all grandriver.png
>
Package pdftex.def Info: ../../post_proc_scripts/plots/rivers/Central basin/plo
t_all grandriver.png used on input line 178.
(pdftex.def)             Requested size: 342.2953pt x 171.14679pt.
 [19

 <../../post_proc_scripts/plots/rivers/Central basin/plot_all grandriver.png>]
<../../post_proc_scripts/plots/rivers/Central basin/plot_all rockyriver.png, id
=633, 1445.4pt x 722.7pt>
File: ../../post_proc_scripts/plots/rivers/Central basin/plot_all rockyriver.pn
g Graphic file (type png)

<use ../../post_proc_scripts/plots/rivers/Central basin/plot_all rockyriver.png
>
Package pdftex.def Info: ../../post_proc_scripts/plots/rivers/Central basin/plo
t_all rockyriver.png used on input line 185.
(pdftex.def)             Requested size: 342.2953pt x 171.14679pt.
 [20

 <../../post_proc_scripts/plots/rivers/Central basin/plot_all rockyriver.png>]
<../../post_proc_scripts/plots/rivers/Central basin/plot_all sanduskyriver.png,
 id=661, 1445.4pt x 722.7pt>
File: ../../post_proc_scripts/plots/rivers/Central basin/plot_all sanduskyriver
.png Graphic file (type png)

<use ../../post_proc_scripts/plots/rivers/Central basin/plot_all sanduskyriver.
png>
Package pdftex.def Info: ../../post_proc_scripts/plots/rivers/Central basin/plo
t_all sanduskyriver.png used on input line 192.
(pdftex.def)             Requested size: 342.2953pt x 171.14679pt.
 [21

 <../../post_proc_scripts/plots/rivers/Central basin/plot_all sanduskyriver.png
>]
<../../post_proc_scripts/plots/rivers/Central basin/plot_all southwesternhuronr
iver.png, id=689, 1445.4pt x 722.7pt>
File: ../../post_proc_scripts/plots/rivers/Central basin/plot_all southwesternh
uronriver.png Graphic file (type png)

<use ../../post_proc_scripts/plots/rivers/Central basin/plot_all southwesternhu
ronriver.png>
Package pdftex.def Info: ../../post_proc_scripts/plots/rivers/Central basin/plo
t_all southwesternhuronriver.png used on input line 199.
(pdftex.def)             Requested size: 342.2953pt x 171.14679pt.
 [22

 <../../post_proc_scripts/plots/rivers/Central basin/plot_all southwesternhuron
river.png>]
<../../post_proc_scripts/plots/rivers/Central basin/plot_all vermillion.png, id
=717, 1445.4pt x 722.7pt>
File: ../../post_proc_scripts/plots/rivers/Central basin/plot_all vermillion.pn
g Graphic file (type png)

<use ../../post_proc_scripts/plots/rivers/Central basin/plot_all vermillion.png
>
Package pdftex.def Info: ../../post_proc_scripts/plots/rivers/Central basin/plo
t_all vermillion.png used on input line 206.
(pdftex.def)             Requested size: 342.2953pt x 171.14679pt.
 [23

 <../../post_proc_scripts/plots/rivers/Central basin/plot_all vermillion.png>]
<../../post_proc_scripts/plots/rivers/Eastern basin/plot_all niagarariver.png, 
id=744, 1445.4pt x 722.7pt>
File: ../../post_proc_scripts/plots/rivers/Eastern basin/plot_all niagarariver.
png Graphic file (type png)

<use ../../post_proc_scripts/plots/rivers/Eastern basin/plot_all niagarariver.p
ng>
Package pdftex.def Info: ../../post_proc_scripts/plots/rivers/Eastern basin/plo
t_all niagarariver.png used on input line 218.
(pdftex.def)             Requested size: 342.2953pt x 171.14679pt.
 [24

 <../../post_proc_scripts/plots/rivers/Eastern basin/plot_all niagarariver.png>
]
<../../post_proc_scripts/plots/rivers/Eastern basin/plot_all Buffalocreek.png, 
id=773, 1445.4pt x 722.7pt>
File: ../../post_proc_scripts/plots/rivers/Eastern basin/plot_all Buffalocreek.
png Graphic file (type png)

<use ../../post_proc_scripts/plots/rivers/Eastern basin/plot_all Buffalocreek.p
ng>
Package pdftex.def Info: ../../post_proc_scripts/plots/rivers/Eastern basin/plo
t_all Buffalocreek.png used on input line 225.
(pdftex.def)             Requested size: 342.2953pt x 171.14679pt.
 [25

 <../../post_proc_scripts/plots/rivers/Eastern basin/plot_all Buffalocreek.png>
]
<../../post_proc_scripts/plots/rivers/Eastern basin/plot_all cattarauguscreek.p
ng, id=801, 1445.4pt x 722.7pt>
File: ../../post_proc_scripts/plots/rivers/Eastern basin/plot_all cattarauguscr
eek.png Graphic file (type png)

<use ../../post_proc_scripts/plots/rivers/Eastern basin/plot_all cattarauguscre
ek.png>
Package pdftex.def Info: ../../post_proc_scripts/plots/rivers/Eastern basin/plo
t_all cattarauguscreek.png used on input line 232.
(pdftex.def)             Requested size: 342.2953pt x 171.14679pt.
 [26

 <../../post_proc_scripts/plots/rivers/Eastern basin/plot_all cattarauguscreek.
png>]pdfTeX warning (ext4): destination with the same identifier (name{sub:west
ern_basin}) has been already used, duplicate ignored
<to be read again> 
                   \relax 
l.246 \end{frame}
                 
<../../post_proc_scripts/plots/rivers/Western basin/plot_1yr detroitriver.png, 
id=829, 1445.4pt x 722.7pt>
File: ../../post_proc_scripts/plots/rivers/Western basin/plot_1yr detroitriver.
png Graphic file (type png)

<use ../../post_proc_scripts/plots/rivers/Western basin/plot_1yr detroitriver.p
ng>
Package pdftex.def Info: ../../post_proc_scripts/plots/rivers/Western basin/plo
t_1yr detroitriver.png used on input line 246.
(pdftex.def)             Requested size: 342.2953pt x 171.14679pt.
 [27

 <../../post_proc_scripts/plots/rivers/Western basin/plot_1yr detroitriver.png>
]
<../../post_proc_scripts/plots/rivers/Western basin/plot_1yr huronriver.png, id
=859, 1445.4pt x 722.7pt>
File: ../../post_proc_scripts/plots/rivers/Western basin/plot_1yr huronriver.pn
g Graphic file (type png)

<use ../../post_proc_scripts/plots/rivers/Western basin/plot_1yr huronriver.png
>
Package pdftex.def Info: ../../post_proc_scripts/plots/rivers/Western basin/plo
t_1yr huronriver.png used on input line 254.
(pdftex.def)             Requested size: 342.2953pt x 171.14679pt.
 [28

 <../../post_proc_scripts/plots/rivers/Western basin/plot_1yr huronriver.png>]
<../../post_proc_scripts/plots/rivers/Western basin/plot_1yr maumeeriver.png, i
d=887, 1445.4pt x 722.7pt>
File: ../../post_proc_scripts/plots/rivers/Western basin/plot_1yr maumeeriver.p
ng Graphic file (type png)

<use ../../post_proc_scripts/plots/rivers/Western basin/plot_1yr maumeeriver.pn
g>
Package pdftex.def Info: ../../post_proc_scripts/plots/rivers/Western basin/plo
t_1yr maumeeriver.png used on input line 262.
(pdftex.def)             Requested size: 342.2953pt x 171.14679pt.
 [29

 <../../post_proc_scripts/plots/rivers/Western basin/plot_1yr maumeeriver.png>]

<../../post_proc_scripts/plots/rivers/Western basin/plot_1yr ottawariver.png, i
d=915, 1445.4pt x 722.7pt>
File: ../../post_proc_scripts/plots/rivers/Western basin/plot_1yr ottawariver.p
ng Graphic file (type png)

<use ../../post_proc_scripts/plots/rivers/Western basin/plot_1yr ottawariver.pn
g>
Package pdftex.def Info: ../../post_proc_scripts/plots/rivers/Western basin/plo
t_1yr ottawariver.png used on input line 270.
(pdftex.def)             Requested size: 342.2953pt x 171.14679pt.
 [30

 <../../post_proc_scripts/plots/rivers/Western basin/plot_1yr ottawariver.png>]

<../../post_proc_scripts/plots/rivers/Western basin/plot_1yr portageriver.png, 
id=944, 1445.4pt x 722.7pt>
File: ../../post_proc_scripts/plots/rivers/Western basin/plot_1yr portageriver.
png Graphic file (type png)

<use ../../post_proc_scripts/plots/rivers/Western basin/plot_1yr portageriver.p
ng>
Package pdftex.def Info: ../../post_proc_scripts/plots/rivers/Western basin/plo
t_1yr portageriver.png used on input line 278.
(pdftex.def)             Requested size: 342.2953pt x 171.14679pt.
 [31

 <../../post_proc_scripts/plots/rivers/Western basin/plot_1yr portageriver.png>
]
<../../post_proc_scripts/plots/rivers/Western basin/plot_1yr riverraisin.png, i
d=973, 1445.4pt x 722.7pt>
File: ../../post_proc_scripts/plots/rivers/Western basin/plot_1yr riverraisin.p
ng Graphic file (type png)

<use ../../post_proc_scripts/plots/rivers/Western basin/plot_1yr riverraisin.pn
g>
Package pdftex.def Info: ../../post_proc_scripts/plots/rivers/Western basin/plo
t_1yr riverraisin.png used on input line 286.
(pdftex.def)             Requested size: 342.2953pt x 171.14679pt.
 [32

 <../../post_proc_scripts/plots/rivers/Western basin/plot_1yr riverraisin.png>]

<../../post_proc_scripts/plots/rivers/Western basin/plot_1yr stonycreek.png, id
=1001, 1445.4pt x 722.7pt>
File: ../../post_proc_scripts/plots/rivers/Western basin/plot_1yr stonycreek.pn
g Graphic file (type png)

<use ../../post_proc_scripts/plots/rivers/Western basin/plot_1yr stonycreek.png
>
Package pdftex.def Info: ../../post_proc_scripts/plots/rivers/Western basin/plo
t_1yr stonycreek.png used on input line 294.
(pdftex.def)             Requested size: 342.2953pt x 171.14679pt.
 [33

 <../../post_proc_scripts/plots/rivers/Western basin/plot_1yr stonycreek.png>]
<../../post_proc_scripts/plots/rivers/Western basin/plot_1yr swancreek.png, id=
1028, 1445.4pt x 722.7pt>
File: ../../post_proc_scripts/plots/rivers/Western basin/plot_1yr swancreek.png
 Graphic file (type png)

<use ../../post_proc_scripts/plots/rivers/Western basin/plot_1yr swancreek.png>
Package pdftex.def Info: ../../post_proc_scripts/plots/rivers/Western basin/plo
t_1yr swancreek.png used on input line 302.
(pdftex.def)             Requested size: 342.2953pt x 171.14679pt.
[34

 <../../post_proc_scripts/plots/rivers/Western basin/plot_1yr swancreek.png>]pd
fTeX warning (ext4): destination with the same identifier (name{sub:central_bas
in}) has been already used, duplicate ignored
<to be read again> 
                   \relax 
l.315 \end{frame}
                 
<../../post_proc_scripts/plots/rivers/Central basin/plot_1yr ashtabulariver.png
, id=1056, 1445.4pt x 722.7pt>
File: ../../post_proc_scripts/plots/rivers/Central basin/plot_1yr ashtabularive
r.png Graphic file (type png)

<use ../../post_proc_scripts/plots/rivers/Central basin/plot_1yr ashtabulariver
.png>
Package pdftex.def Info: ../../post_proc_scripts/plots/rivers/Central basin/plo
t_1yr ashtabulariver.png used on input line 315.
(pdftex.def)             Requested size: 342.2953pt x 171.14679pt.
 [35

 <../../post_proc_scripts/plots/rivers/Central basin/plot_1yr ashtabulariver.pn
g>]
<../../post_proc_scripts/plots/rivers/Central basin/plot_1yr blackriver.png, id
=1085, 1445.4pt x 722.7pt>
File: ../../post_proc_scripts/plots/rivers/Central basin/plot_1yr blackriver.pn
g Graphic file (type png)

<use ../../post_proc_scripts/plots/rivers/Central basin/plot_1yr blackriver.png
>
Package pdftex.def Info: ../../post_proc_scripts/plots/rivers/Central basin/plo
t_1yr blackriver.png used on input line 322.
(pdftex.def)             Requested size: 342.2953pt x 171.14679pt.
 [36

 <../../post_proc_scripts/plots/rivers/Central basin/plot_1yr blackriver.png>]
<../../post_proc_scripts/plots/rivers/Central basin/plot_1yr chagrinriver.png, 
id=1113, 1445.4pt x 722.7pt>
File: ../../post_proc_scripts/plots/rivers/Central basin/plot_1yr chagrinriver.
png Graphic file (type png)

<use ../../post_proc_scripts/plots/rivers/Central basin/plot_1yr chagrinriver.p
ng>
Package pdftex.def Info: ../../post_proc_scripts/plots/rivers/Central basin/plo
t_1yr chagrinriver.png used on input line 329.
(pdftex.def)             Requested size: 342.2953pt x 171.14679pt.
 [37

 <../../post_proc_scripts/plots/rivers/Central basin/plot_1yr chagrinriver.png>
]
<../../post_proc_scripts/plots/rivers/Central basin/plot_1yr conneautcreek.png,
 id=1142, 1445.4pt x 722.7pt>
File: ../../post_proc_scripts/plots/rivers/Central basin/plot_1yr conneautcreek
.png Graphic file (type png)

<use ../../post_proc_scripts/plots/rivers/Central basin/plot_1yr conneautcreek.
png>
Package pdftex.def Info: ../../post_proc_scripts/plots/rivers/Central basin/plo
t_1yr conneautcreek.png used on input line 336.
(pdftex.def)             Requested size: 342.2953pt x 171.14679pt.
 [38

 <../../post_proc_scripts/plots/rivers/Central basin/plot_1yr conneautcreek.png
>]
<../../post_proc_scripts/plots/rivers/Central basin/plot_1yr cuyahogariver.png,
 id=1171, 1445.4pt x 722.7pt>
File: ../../post_proc_scripts/plots/rivers/Central basin/plot_1yr cuyahogariver
.png Graphic file (type png)

<use ../../post_proc_scripts/plots/rivers/Central basin/plot_1yr cuyahogariver.
png>
Package pdftex.def Info: ../../post_proc_scripts/plots/rivers/Central basin/plo
t_1yr cuyahogariver.png used on input line 343.
(pdftex.def)             Requested size: 342.2953pt x 171.14679pt.
 [39

 <../../post_proc_scripts/plots/rivers/Central basin/plot_1yr cuyahogariver.png
>]
<../../post_proc_scripts/plots/rivers/Central basin/plot_1yr grandriver.png, id
=1199, 1445.4pt x 722.7pt>
File: ../../post_proc_scripts/plots/rivers/Central basin/plot_1yr grandriver.pn
g Graphic file (type png)

<use ../../post_proc_scripts/plots/rivers/Central basin/plot_1yr grandriver.png
>
Package pdftex.def Info: ../../post_proc_scripts/plots/rivers/Central basin/plo
t_1yr grandriver.png used on input line 350.
(pdftex.def)             Requested size: 342.2953pt x 171.14679pt.
 [40

 <../../post_proc_scripts/plots/rivers/Central basin/plot_1yr grandriver.png>]
<../../post_proc_scripts/plots/rivers/Central basin/plot_1yr rockyriver.png, id
=1227, 1445.4pt x 722.7pt>
File: ../../post_proc_scripts/plots/rivers/Central basin/plot_1yr rockyriver.pn
g Graphic file (type png)

<use ../../post_proc_scripts/plots/rivers/Central basin/plot_1yr rockyriver.png
>
Package pdftex.def Info: ../../post_proc_scripts/plots/rivers/Central basin/plo
t_1yr rockyriver.png used on input line 357.
(pdftex.def)             Requested size: 342.2953pt x 171.14679pt.
 [41

 <../../post_proc_scripts/plots/rivers/Central basin/plot_1yr rockyriver.png>]
<../../post_proc_scripts/plots/rivers/Central basin/plot_1yr sanduskyriver.png,
 id=1255, 1445.4pt x 722.7pt>
File: ../../post_proc_scripts/plots/rivers/Central basin/plot_1yr sanduskyriver
.png Graphic file (type png)

<use ../../post_proc_scripts/plots/rivers/Central basin/plot_1yr sanduskyriver.
png>
Package pdftex.def Info: ../../post_proc_scripts/plots/rivers/Central basin/plo
t_1yr sanduskyriver.png used on input line 364.
(pdftex.def)             Requested size: 342.2953pt x 171.14679pt.
 [42

 <../../post_proc_scripts/plots/rivers/Central basin/plot_1yr sanduskyriver.png
>]
<../../post_proc_scripts/plots/rivers/Central basin/plot_1yr southwesternhuronr
iver.png, id=1284, 1445.4pt x 722.7pt>
File: ../../post_proc_scripts/plots/rivers/Central basin/plot_1yr southwesternh
uronriver.png Graphic file (type png)

<use ../../post_proc_scripts/plots/rivers/Central basin/plot_1yr southwesternhu
ronriver.png>
Package pdftex.def Info: ../../post_proc_scripts/plots/rivers/Central basin/plo
t_1yr southwesternhuronriver.png used on input line 371.
(pdftex.def)             Requested size: 342.2953pt x 171.14679pt.
 [43

 <../../post_proc_scripts/plots/rivers/Central basin/plot_1yr southwesternhuron
river.png>]
<../../post_proc_scripts/plots/rivers/Central basin/plot_1yr vermillion.png, id
=1312, 1445.4pt x 722.7pt>
File: ../../post_proc_scripts/plots/rivers/Central basin/plot_1yr vermillion.pn
g Graphic file (type png)

<use ../../post_proc_scripts/plots/rivers/Central basin/plot_1yr vermillion.png
>
Package pdftex.def Info: ../../post_proc_scripts/plots/rivers/Central basin/plo
t_1yr vermillion.png used on input line 378.
(pdftex.def)             Requested size: 342.2953pt x 171.14679pt.
 [44

 <../../post_proc_scripts/plots/rivers/Central basin/plot_1yr vermillion.png>]p
dfTeX warning (ext4): destination with the same identifier (name{sub:eastern_ba
sin}) has been already used, duplicate ignored
<to be read again> 
                   \relax 
l.390 \end{frame}
                 
<../../post_proc_scripts/plots/rivers/Eastern basin/plot_1yr niagarariver.png, 
id=1339, 1445.4pt x 722.7pt>
File: ../../post_proc_scripts/plots/rivers/Eastern basin/plot_1yr niagarariver.
png Graphic file (type png)

<use ../../post_proc_scripts/plots/rivers/Eastern basin/plot_1yr niagarariver.p
ng>
Package pdftex.def Info: ../../post_proc_scripts/plots/rivers/Eastern basin/plo
t_1yr niagarariver.png used on input line 390.
(pdftex.def)             Requested size: 342.2953pt x 171.14679pt.
 [45

 <../../post_proc_scripts/plots/rivers/Eastern basin/plot_1yr niagarariver.png>
]
<../../post_proc_scripts/plots/rivers/Eastern basin/plot_1yr Buffalocreek.png, 
id=1367, 1445.4pt x 722.7pt>
File: ../../post_proc_scripts/plots/rivers/Eastern basin/plot_1yr Buffalocreek.
png Graphic file (type png)

<use ../../post_proc_scripts/plots/rivers/Eastern basin/plot_1yr Buffalocreek.p
ng>
Package pdftex.def Info: ../../post_proc_scripts/plots/rivers/Eastern basin/plo
t_1yr Buffalocreek.png used on input line 397.
(pdftex.def)             Requested size: 342.2953pt x 171.14679pt.
 [46

 <../../post_proc_scripts/plots/rivers/Eastern basin/plot_1yr Buffalocreek.png>
]
<../../post_proc_scripts/plots/rivers/Eastern basin/plot_1yr cattarauguscreek.p
ng, id=1395, 1445.4pt x 722.7pt>
File: ../../post_proc_scripts/plots/rivers/Eastern basin/plot_1yr cattarauguscr
eek.png Graphic file (type png)

<use ../../post_proc_scripts/plots/rivers/Eastern basin/plot_1yr cattarauguscre
ek.png>
Package pdftex.def Info: ../../post_proc_scripts/plots/rivers/Eastern basin/plo
t_1yr cattarauguscreek.png used on input line 404.
(pdftex.def)             Requested size: 342.2953pt x 171.14679pt.
 [47

 <../../post_proc_scripts/plots/rivers/Eastern basin/plot_1yr cattarauguscreek.
png>]
\tf@nav=\write6
\openout6 = `data.nav'.

\tf@toc=\write7
\openout7 = `data.toc'.

\tf@snm=\write8
\openout8 = `data.snm'.

Package atveryend Info: Empty hook `BeforeClearDocument' on input line 413.
Package atveryend Info: Empty hook `AfterLastShipout' on input line 413.
 (./data.aux)
Package atveryend Info: Executing hook `AtVeryEndDocument' on input line 413.
Package atveryend Info: Executing hook `AtEndAfterFileList' on input line 413.
Package rerunfilecheck Info: File `data.out' has not changed.
(rerunfilecheck)             Checksum: A3B5BE0E8525790C38EF23EC24DF2A6D;719.


LaTeX Warning: There were multiply-defined labels.

Package atveryend Info: Empty hook `AtVeryVeryEnd' on input line 413.
 ) 
Here is how much of TeX's memory you used:
 17305 strings out of 493014
 343683 string characters out of 6133351
 399292 words of memory out of 5000000
 20339 multiletter control sequences out of 15000+600000
 17857 words of font info for 21 fonts, out of 8000000 for 9000
 1141 hyphenation exceptions out of 8191
 56i,16n,62p,403b,671s stack positions out of 5000i,500n,10000p,200000b,80000s
{/usr/local/texlive/2016/texmf-dist/fonts/enc/dvips/lm/lm-rm.enc}</usr/local/
texlive/2016/texmf-dist/fonts/type1/public/lm/lmss10.pfb></usr/local/texlive/20
16/texmf-dist/fonts/type1/public/lm/lmss12.pfb></usr/local/texlive/2016/texmf-d
ist/fonts/type1/public/lm/lmss8.pfb>
Output written on data.pdf (47 pages, 12625869 bytes).
PDF statistics:
 1464 PDF objects out of 1728 (max. 8388607)
 1300 compressed objects within 13 object streams
 115 named destinations out of 1000 (max. 500000)
 376 words of extra memory for PDF output out of 10000 (max. 10000000)

